

Microchip MPLAB XC8 Assembler V2.05 build -831301201 
                                                                                               Wed Jul 24 03:04:23 2019

Microchip MPLAB XC8 C Compiler v2.05 (Free license) build 20181220022703 Og1 
     1                           	processor	18F46K22
     2                           	fnconf	rparam,??,?,0
     3                           	opt	pw 120
     4                           	opt	flic
     5                           	psect	cinit,global,reloc=2,class=CODE,delta=1
     6                           	psect	cstackCOMRAM,global,class=COMRAM,space=1,delta=1,noexec
     7                           	psect	text0,global,reloc=2,class=CODE,delta=1
     8                           	psect	intsave_regs,global,class=BIGRAM,space=1,delta=1,noexec
     9                           	psect	rparam,global,class=COMRAM,space=1,delta=1,noexec
    10  0000                     
    11                           ; Version 2.05
    12                           ; Generated 20/12/2018 GMT
    13                           ; 
    14                           ; Copyright © 2018, Microchip Technology Inc. and its subsidiaries ("Microchip")
    15                           ; All rights reserved.
    16                           ; 
    17                           ; This software is developed by Microchip Technology Inc. and its subsidiaries ("Microch
      +                          ip").
    18                           ; 
    19                           ; Redistribution and use in source and binary forms, with or without modification, are
    20                           ; permitted provided that the following conditions are met:
    21                           ; 
    22                           ;     1. Redistributions of source code must retain the above copyright notice, this lis
      +                          t of
    23                           ;        conditions and the following disclaimer.
    24                           ; 
    25                           ;     2. Redistributions in binary form must reproduce the above copyright notice, this 
      +                          list
    26                           ;        of conditions and the following disclaimer in the documentation and/or other
    27                           ;        materials provided with the distribution.
    28                           ; 
    29                           ;     3. Microchip's name may not be used to endorse or promote products derived from th
      +                          is
    30                           ;        software without specific prior written permission.
    31                           ; 
    32                           ; THIS SOFTWARE IS PROVIDED BY MICROCHIP "AS IS" AND ANY EXPRESS OR IMPLIED WARRANTIES,
    33                           ; INCLUDING, BUT NOT LIMITED TO, THE IMPLIED WARRANTIES OF MERCHANTABILITY AND FITNESS F
      +                          OR
    34                           ; PURPOSE ARE DISCLAIMED.  IN NO EVENT SHALL MICROCHIP BE LIABLE FOR ANY DIRECT, INDIREC
      +                          T,
    35                           ; INCIDENTAL, SPECIAL, EXEMPLARY, OR CONSEQUENTIAL DAMAGES (INCLUDING BUT NOT LIMITED TO
    36                           ; PROCUREMENT OF SUBSTITUTE GOODS OR SERVICES; LOSS OF USE, DATA OR PROFITS; OR BUSINESS
    37                           ; INTERRUPTION) HOWSOEVER CAUSED AND ON ANY THEORY OF LIABILITY, WHETHER IN CONTRACT, ST
      +                          RICT
    38                           ; LIABILITY, OR TORT (INCLUDING NEGLIGENCE OR OTHERWISE) ARISING IN ANY WAY OUT OF THE U
      +                          SE OF
    39                           ; THIS SOFTWARE, EVEN IF ADVISED OF THE POSSIBILITY OF SUCH DAMAGE.
    40                           ; 
    41                           ; 
    42                           ; Code-generator required, PIC18F46K22 Definitions
    43                           ; 
    44                           ; SFR Addresses
    45  0000                     _ANSELB	set	3897
    46  0000                     _PORTB	set	3969
    47  0000                     _LATB	set	3978
    48  0000                     _TRISB	set	3987
    49                           
    50                           ; #config settings
    51                           
    52                           	psect	cinit
    53  00FFDC                     __pcinit:
    54                           	opt callstack 0
    55  00FFDC                     start_initialization:
    56                           	opt callstack 0
    57  00FFDC                     __initialization:
    58                           	opt callstack 0
    59  00FFDC                     end_of_initialization:
    60                           	opt callstack 0
    61  00FFDC                     __end_of__initialization:
    62                           	opt callstack 0
    63  00FFDC  0100               	movlb	0
    64  00FFDE  EFF1  F07F         	goto	_main	;jump to C main() function
    65                           
    66                           	psect	cstackCOMRAM
    67  000000                     __pcstackCOMRAM:
    68                           	opt callstack 0
    69  000000                     
    70                           ; 1 bytes @ 0x0
    71 ;;
    72 ;;Main: autosize = 0, tempsize = 0, incstack = 0, save=0
    73 ;;
    74 ;; *************** function _main *****************
    75 ;; Defined at:
    76 ;;		line 5 in file "newfile.c"
    77 ;; Parameters:    Size  Location     Type
    78 ;;		None
    79 ;; Auto vars:     Size  Location     Type
    80 ;;		None
    81 ;; Return value:  Size  Location     Type
    82 ;;                  1    wreg      void 
    83 ;; Registers used:
    84 ;;		wreg, status,2
    85 ;; Tracked objects:
    86 ;;		On entry : 0/0
    87 ;;		On exit  : 0/0
    88 ;;		Unchanged: 0/0
    89 ;; Data sizes:     COMRAM   BANK0   BANK1   BANK2   BANK3   BANK4   BANK5   BANK6   BANK7   BANK8   BANK9  BANK10  BANK1
      +1  BANK12  BANK13  BANK14  BANK15
    90 ;;      Params:         0       0       0       0       0       0       0       0       0       0       0       0       
      +0       0       0       0       0
    91 ;;      Locals:         0       0       0       0       0       0       0       0       0       0       0       0       
      +0       0       0       0       0
    92 ;;      Temps:          0       0       0       0       0       0       0       0       0       0       0       0       
      +0       0       0       0       0
    93 ;;      Totals:         0       0       0       0       0       0       0       0       0       0       0       0       
      +0       0       0       0       0
    94 ;;Total ram usage:        0 bytes
    95 ;; This function calls:
    96 ;;		Nothing
    97 ;; This function is called by:
    98 ;;		Startup code after reset
    99 ;; This function uses a non-reentrant model
   100 ;;
   101                           
   102                           	psect	text0
   103  00FFE2                     __ptext0:
   104                           	opt callstack 0
   105  00FFE2                     _main:
   106                           	opt callstack 31
   107                           
   108                           ;newfile.c: 8:  ANSELB = 0;
   109                           
   110                           ;incstack = 0
   111  00FFE2  0E00               	movlw	0
   112  00FFE4  010F               	movlb	15	; () banked
   113  00FFE6  6F39               	movwf	57,b	;volatile
   114                           
   115                           ;newfile.c: 9:  TRISB = 0;
   116  00FFE8  0E00               	movlw	0
   117  00FFEA  6E93               	movwf	3987,c	;volatile
   118                           
   119                           ;newfile.c: 10:  LATB = 0;
   120  00FFEC  0E00               	movlw	0
   121  00FFEE  6E8A               	movwf	3978,c	;volatile
   122  00FFF0                     l13:
   123                           
   124                           ;newfile.c: 12:         if (PORTB ==0x00)
   125  00FFF0  5081               	movf	3969,w,c	;volatile
   126  00FFF2  A4D8               	btfss	status,2,c
   127  00FFF4  D002               	goto	l698
   128                           
   129                           ;newfile.c: 13:         {;newfile.c: 14:             PORTB=0x01;
   130  00FFF6  0E01               	movlw	1
   131  00FFF8  D001               	goto	L1
   132  00FFFA                     l698:
   133                           
   134                           ;newfile.c: 17:         {;newfile.c: 18:             PORTB=0x00;
   135  00FFFA  0E00               	movlw	0
   136  00FFFC                     L1:
   137  00FFFC  6E81               	movwf	3969,c	;volatile
   138  00FFFE  D7F8               	goto	l13
   139  010000                     __end_of_main:
   140                           	opt callstack 0
   141  0000                     
   142                           	psect	rparam
   143  0000                     tosu	equ	0xFFF
   144                           tosh	equ	0xFFE
   145                           tosl	equ	0xFFD
   146                           stkptr	equ	0xFFC
   147                           pclatu	equ	0xFFB
   148                           pclath	equ	0xFFA
   149                           pcl	equ	0xFF9
   150                           tblptru	equ	0xFF8
   151                           tblptrh	equ	0xFF7
   152                           tblptrl	equ	0xFF6
   153                           tablat	equ	0xFF5
   154                           prodh	equ	0xFF4
   155                           prodl	equ	0xFF3
   156                           indf0	equ	0xFEF
   157                           postinc0	equ	0xFEE
   158                           postdec0	equ	0xFED
   159                           preinc0	equ	0xFEC
   160                           plusw0	equ	0xFEB
   161                           fsr0h	equ	0xFEA
   162                           fsr0l	equ	0xFE9
   163                           wreg	equ	0xFE8
   164                           indf1	equ	0xFE7
   165                           postinc1	equ	0xFE6
   166                           postdec1	equ	0xFE5
   167                           preinc1	equ	0xFE4
   168                           plusw1	equ	0xFE3
   169                           fsr1h	equ	0xFE2
   170                           fsr1l	equ	0xFE1
   171                           bsr	equ	0xFE0
   172                           indf2	equ	0xFDF
   173                           postinc2	equ	0xFDE
   174                           postdec2	equ	0xFDD
   175                           preinc2	equ	0xFDC
   176                           plusw2	equ	0xFDB
   177                           fsr2h	equ	0xFDA
   178                           fsr2l	equ	0xFD9
   179                           status	equ	0xFD8


Data Sizes:
    Strings     0
    Constant    0
    Data        0
    BSS         0
    Persistent  0
    Stack       0

Auto Spaces:
    Space          Size  Autos    Used
    COMRAM           95      0       0
    BANK0           160      0       0
    BANK1           256      0       0
    BANK2           256      0       0
    BANK3           256      0       0
    BANK4           256      0       0
    BANK5           256      0       0
    BANK6           256      0       0
    BANK7           256      0       0
    BANK8           256      0       0
    BANK9           256      0       0
    BANK10          256      0       0
    BANK11          256      0       0
    BANK12          256      0       0
    BANK13          256      0       0
    BANK14          256      0       0
    BANK15           56      0       0

Pointer List with Targets:

    None.

Critical Paths under _main in COMRAM

    None.

Critical Paths under _main in BANK0

    None.

Critical Paths under _main in BANK1

    None.

Critical Paths under _main in BANK2

    None.

Critical Paths under _main in BANK3

    None.

Critical Paths under _main in BANK4

    None.

Critical Paths under _main in BANK5

    None.

Critical Paths under _main in BANK6

    None.

Critical Paths under _main in BANK7

    None.

Critical Paths under _main in BANK8

    None.

Critical Paths under _main in BANK9

    None.

Critical Paths under _main in BANK10

    None.

Critical Paths under _main in BANK11

    None.

Critical Paths under _main in BANK12

    None.

Critical Paths under _main in BANK13

    None.

Critical Paths under _main in BANK14

    None.

Critical Paths under _main in BANK15

    None.

Call Graph Tables:

 ---------------------------------------------------------------------------------
 (Depth) Function   	        Calls       Base Space   Used Autos Params    Refs
 ---------------------------------------------------------------------------------
 (0) _main                                                 0     0      0       0
 ---------------------------------------------------------------------------------
 Estimated maximum stack depth 0
 ---------------------------------------------------------------------------------

 Call Graph Graphs:

 _main (ROOT)

 Address spaces:
Name               Size   Autos  Total    Cost      Usage
BITCOMRAM           5F      0       0       0        0.0%
EEDATA             400      0       0       0        0.0%
NULL                 0      0       0       0        0.0%
CODE                 0      0       0       0        0.0%
COMRAM              5F      0       0       1        0.0%
STACK                0      0       0       2        0.0%
DATA                 0      0       0       3        0.0%
BITBANK0            A0      0       0       4        0.0%
BANK0               A0      0       0       5        0.0%
BITBANK1           100      0       0       6        0.0%
BANK1              100      0       0       7        0.0%
BITBANK2           100      0       0       8        0.0%
BANK2              100      0       0       9        0.0%
BITBANK3           100      0       0      10        0.0%
BANK3              100      0       0      11        0.0%
ABS                  0      0       0      12        0.0%
BITBANK4           100      0       0      13        0.0%
BANK4              100      0       0      14        0.0%
BITBANK5           100      0       0      15        0.0%
BANK5              100      0       0      16        0.0%
BITBANK6           100      0       0      17        0.0%
BANK6              100      0       0      18        0.0%
BITBANK7           100      0       0      19        0.0%
BANK7              100      0       0      20        0.0%
BITBANK8           100      0       0      21        0.0%
BANK8              100      0       0      22        0.0%
BITBANK9           100      0       0      23        0.0%
BANK9              100      0       0      24        0.0%
BITBANK10          100      0       0      25        0.0%
BANK10             100      0       0      26        0.0%
BITBANK11          100      0       0      27        0.0%
BANK11             100      0       0      28        0.0%
BITBANK12          100      0       0      29        0.0%
BANK12             100      0       0      30        0.0%
BITBANK13          100      0       0      31        0.0%
BANK13             100      0       0      32        0.0%
BITBANK14          100      0       0      33        0.0%
BANK14             100      0       0      34        0.0%
BITBANK15           38      0       0      35        0.0%
BANK15              38      0       0      36        0.0%
BIGRAM             F37      0       0      37        0.0%
BITSFR_1             0      0       0     200        0.0%
SFR_1                0      0       0     200        0.0%
BITSFR               0      0       0     200        0.0%
SFR                  0      0       0     200        0.0%


Microchip Technology PIC18 Macro Assembler V2.05 build -831301201 
Symbol Table                                                                                   Wed Jul 24 03:04:23 2019

                     l13 FFF0                      l698 FFFA                     _LATB 000F8A  
                   _main FFE2                     start 0000             ___param_bank 000000  
                  ?_main 0000                    _PORTB 000F81                    _TRISB 000F93  
                  status 000FD8          __initialization FFDC             __end_of_main 0000  
                 ??_main 0000            __activetblptr 000000                   _ANSELB 000F39  
             __accesstop 0060  __end_of__initialization FFDC            ___rparam_used 000001  
         __pcstackCOMRAM 0000                  __Hparam 0000                  __Lparam 0000  
                __pcinit FFDC                  __ramtop 1000                  __ptext0 FFE2  
   end_of_initialization FFDC      start_initialization FFDC                 __Hrparam 0000  
               __Lrparam 0000            __size_of_main 001E  
