

Microchip MPLAB XC8 Assembler V2.05 build -831301201 
                                                                                               Thu Jul 25 01:30:23 2019

Microchip MPLAB XC8 C Compiler v2.05 (Free license) build 20181220022703 Og1 
     1                           	processor	18F46K22
     2                           	fnconf	rparam,??,?,0
     3                           	opt	pw 120
     4                           	opt	flic
     5                           	psect	cinit,global,reloc=2,class=CODE,delta=1
     6                           	psect	cstackCOMRAM,global,class=COMRAM,space=1,delta=1,noexec
     7                           	psect	text0,global,reloc=2,class=CODE,delta=1
     8                           	psect	text1,global,reloc=2,class=CODE,delta=1
     9                           	psect	text2,global,reloc=2,class=CODE,delta=1
    10                           	psect	text3,global,reloc=2,class=CODE,delta=1
    11                           	psect	text4,global,reloc=2,class=CODE,delta=1
    12                           	psect	intsave_regs,global,class=BIGRAM,space=1,delta=1,noexec
    13                           	psect	rparam,global,class=COMRAM,space=1,delta=1,noexec
    14  0000                     
    15                           ; Version 2.05
    16                           ; Generated 20/12/2018 GMT
    17                           ; 
    18                           ; Copyright © 2018, Microchip Technology Inc. and its subsidiaries ("Microchip")
    19                           ; All rights reserved.
    20                           ; 
    21                           ; This software is developed by Microchip Technology Inc. and its subsidiaries ("Microch
      +                          ip").
    22                           ; 
    23                           ; Redistribution and use in source and binary forms, with or without modification, are
    24                           ; permitted provided that the following conditions are met:
    25                           ; 
    26                           ;     1. Redistributions of source code must retain the above copyright notice, this lis
      +                          t of
    27                           ;        conditions and the following disclaimer.
    28                           ; 
    29                           ;     2. Redistributions in binary form must reproduce the above copyright notice, this 
      +                          list
    30                           ;        of conditions and the following disclaimer in the documentation and/or other
    31                           ;        materials provided with the distribution.
    32                           ; 
    33                           ;     3. Microchip's name may not be used to endorse or promote products derived from th
      +                          is
    34                           ;        software without specific prior written permission.
    35                           ; 
    36                           ; THIS SOFTWARE IS PROVIDED BY MICROCHIP "AS IS" AND ANY EXPRESS OR IMPLIED WARRANTIES,
    37                           ; INCLUDING, BUT NOT LIMITED TO, THE IMPLIED WARRANTIES OF MERCHANTABILITY AND FITNESS F
      +                          OR
    38                           ; PURPOSE ARE DISCLAIMED.  IN NO EVENT SHALL MICROCHIP BE LIABLE FOR ANY DIRECT, INDIREC
      +                          T,
    39                           ; INCIDENTAL, SPECIAL, EXEMPLARY, OR CONSEQUENTIAL DAMAGES (INCLUDING BUT NOT LIMITED TO
    40                           ; PROCUREMENT OF SUBSTITUTE GOODS OR SERVICES; LOSS OF USE, DATA OR PROFITS; OR BUSINESS
    41                           ; INTERRUPTION) HOWSOEVER CAUSED AND ON ANY THEORY OF LIABILITY, WHETHER IN CONTRACT, ST
      +                          RICT
    42                           ; LIABILITY, OR TORT (INCLUDING NEGLIGENCE OR OTHERWISE) ARISING IN ANY WAY OUT OF THE U
      +                          SE OF
    43                           ; THIS SOFTWARE, EVEN IF ADVISED OF THE POSSIBILITY OF SUCH DAMAGE.
    44                           ; 
    45                           ; 
    46                           ; Code-generator required, PIC18F46K22 Definitions
    47                           ; 
    48                           ; SFR Addresses
    49  0000                     _ANSELA	set	3896
    50  0000                     _ANSELE	set	3900
    51  0000                     _ANSELC	set	3898
    52  0000                     _ANSELD	set	3899
    53  0000                     _ANSELB	set	3897
    54  0000                     _SSP1STATbits	set	4039
    55  0000                     _SSP1BUF	set	4041
    56  0000                     _SSP1CON1bits	set	4038
    57  0000                     _SSP1ADD	set	4040
    58  0000                     _SSP1CON1	set	4038
    59  0000                     _SSP1STAT	set	4039
    60  0000                     _INTCONbits	set	4082
    61  0000                     _INTCON2bits	set	4081
    62  0000                     _WPUB	set	3937
    63  0000                     _TRISD	set	3989
    64  0000                     _TRISC	set	3988
    65  0000                     _TRISA	set	3986
    66  0000                     _TRISE	set	3990
    67  0000                     _LATC	set	3979
    68  0000                     _LATA	set	3977
    69  0000                     _LATD	set	3980
    70  0000                     _LATE	set	3981
    71  0000                     _OSCTUNE	set	3995
    72  0000                     _OSCCON2	set	4050
    73  0000                     _OSCCON	set	4051
    74  0000                     _PORTB	set	3969
    75  0000                     _LATB	set	3978
    76  0000                     _TRISB	set	3987
    77                           
    78                           ; #config settings
    79  0000                     
    80                           	psect	cinit
    81  00FF54                     __pcinit:
    82                           	opt callstack 0
    83  00FF54                     start_initialization:
    84                           	opt callstack 0
    85  00FF54                     __initialization:
    86                           	opt callstack 0
    87  00FF54                     end_of_initialization:
    88                           	opt callstack 0
    89  00FF54                     __end_of__initialization:
    90                           	opt callstack 0
    91  00FF54  0100               	movlb	0
    92  00FF56  EFE1  F07F         	goto	_main	;jump to C main() function
    93                           
    94                           	psect	cstackCOMRAM
    95  000001                     __pcstackCOMRAM:
    96                           	opt callstack 0
    97  000001                     main@i:
    98                           	opt callstack 0
    99                           
   100                           ; 2 bytes @ 0x0
   101  000001                     	ds	2
   102                           
   103 ;;
   104 ;;Main: autosize = 0, tempsize = 0, incstack = 0, save=0
   105 ;;
   106 ;; *************** function _main *****************
   107 ;; Defined at:
   108 ;;		line 49 in file "main.c"
   109 ;; Parameters:    Size  Location     Type
   110 ;;		None
   111 ;; Auto vars:     Size  Location     Type
   112 ;;  i               2    0[COMRAM] int 
   113 ;; Return value:  Size  Location     Type
   114 ;;                  1    wreg      void 
   115 ;; Registers used:
   116 ;;		wreg, status,2, status,0, cstack
   117 ;; Tracked objects:
   118 ;;		On entry : 0/0
   119 ;;		On exit  : 0/0
   120 ;;		Unchanged: 0/0
   121 ;; Data sizes:     COMRAM   BANK0   BANK1   BANK2   BANK3   BANK4   BANK5   BANK6   BANK7   BANK8   BANK9  BANK10  BANK1
      +1  BANK12  BANK13  BANK14  BANK15
   122 ;;      Params:         0       0       0       0       0       0       0       0       0       0       0       0       
      +0       0       0       0       0
   123 ;;      Locals:         2       0       0       0       0       0       0       0       0       0       0       0       
      +0       0       0       0       0
   124 ;;      Temps:          0       0       0       0       0       0       0       0       0       0       0       0       
      +0       0       0       0       0
   125 ;;      Totals:         2       0       0       0       0       0       0       0       0       0       0       0       
      +0       0       0       0       0
   126 ;;Total ram usage:        2 bytes
   127 ;; Hardware stack levels required when called:    2
   128 ;; This function calls:
   129 ;;		_SYSTEM_Initialize
   130 ;; This function is called by:
   131 ;;		Startup code after reset
   132 ;; This function uses a non-reentrant model
   133 ;;
   134                           
   135                           	psect	text0
   136  00FFC2                     __ptext0:
   137                           	opt callstack 0
   138  00FFC2                     _main:
   139                           	opt callstack 29
   140                           
   141                           ;main.c: 52:  SYSTEM_Initialize();
   142                           
   143                           ;incstack = 0
   144  00FFC2  ECBB  F07F         	call	_SYSTEM_Initialize	;wreg free
   145                           
   146                           ;main.c: 53:     ANSELB = 0;
   147  00FFC6  0E00               	movlw	0
   148  00FFC8  010F               	movlb	15	; () banked
   149  00FFCA  6F39               	movwf	57,b	;volatile
   150                           
   151                           ; BSR set to: 15
   152                           ;main.c: 54:      TRISB = 0;
   153  00FFCC  0E00               	movlw	0
   154  00FFCE  6E93               	movwf	3987,c	;volatile
   155                           
   156                           ; BSR set to: 15
   157                           ;main.c: 55:      LATB = 0;
   158  00FFD0  0E00               	movlw	0
   159  00FFD2  6E8A               	movwf	3978,c	;volatile
   160  00FFD4                     l833:
   161                           
   162                           ;main.c: 70:   if (PORTB ==0x00)
   163  00FFD4  5081               	movf	3969,w,c	;volatile
   164  00FFD6  A4D8               	btfss	status,2,c
   165  00FFD8  D002               	goto	l837
   166                           
   167                           ;main.c: 71:         {;main.c: 72:             PORTB=0x01;
   168  00FFDA  0E01               	movlw	1
   169  00FFDC  D001               	goto	L1
   170  00FFDE                     l837:
   171                           
   172                           ;main.c: 75:         {;main.c: 76:             PORTB=0x00;
   173  00FFDE  0E00               	movlw	0
   174  00FFE0                     L1:
   175  00FFE0  6E81               	movwf	3969,c	;volatile
   176                           
   177                           ;main.c: 78:         for(int i =0;i<8000;i++){}
   178                           
   179                           ;main.c: 77:         }
   180  00FFE2  0E00               	movlw	0
   181  00FFE4  6E02               	movwf	main@i+1,c
   182  00FFE6  0E00               	movlw	0
   183  00FFE8  6E01               	movwf	main@i,c
   184  00FFEA                     l843:
   185  00FFEA  4A01               	infsnz	main@i,f,c
   186  00FFEC  2A02               	incf	main@i+1,f,c
   187  00FFEE  BE02               	btfsc	main@i+1,7,c
   188  00FFF0  D7FC               	goto	l843
   189  00FFF2  0E40               	movlw	64
   190  00FFF4  5C01               	subwf	main@i,w,c
   191  00FFF6  0E1F               	movlw	31
   192  00FFF8  5802               	subwfb	main@i+1,w,c
   193  00FFFA  B0D8               	btfsc	status,0,c
   194  00FFFC  D7EB               	goto	l833
   195  00FFFE  D7F5               	goto	l843
   196  010000                     __end_of_main:
   197                           	opt callstack 0
   198                           
   199 ;; *************** function _SYSTEM_Initialize *****************
   200 ;; Defined at:
   201 ;;		line 50 in file "mcc_generated_files/mcc.c"
   202 ;; Parameters:    Size  Location     Type
   203 ;;		None
   204 ;; Auto vars:     Size  Location     Type
   205 ;;		None
   206 ;; Return value:  Size  Location     Type
   207 ;;                  1    wreg      void 
   208 ;; Registers used:
   209 ;;		wreg, status,2, cstack
   210 ;; Tracked objects:
   211 ;;		On entry : 0/0
   212 ;;		On exit  : 0/0
   213 ;;		Unchanged: 0/0
   214 ;; Data sizes:     COMRAM   BANK0   BANK1   BANK2   BANK3   BANK4   BANK5   BANK6   BANK7   BANK8   BANK9  BANK10  BANK1
      +1  BANK12  BANK13  BANK14  BANK15
   215 ;;      Params:         0       0       0       0       0       0       0       0       0       0       0       0       
      +0       0       0       0       0
   216 ;;      Locals:         0       0       0       0       0       0       0       0       0       0       0       0       
      +0       0       0       0       0
   217 ;;      Temps:          0       0       0       0       0       0       0       0       0       0       0       0       
      +0       0       0       0       0
   218 ;;      Totals:         0       0       0       0       0       0       0       0       0       0       0       0       
      +0       0       0       0       0
   219 ;;Total ram usage:        0 bytes
   220 ;; Hardware stack levels used:    1
   221 ;; Hardware stack levels required when called:    1
   222 ;; This function calls:
   223 ;;		_OSCILLATOR_Initialize
   224 ;;		_PIN_MANAGER_Initialize
   225 ;;		_SPI1_Initialize
   226 ;; This function is called by:
   227 ;;		_main
   228 ;; This function uses a non-reentrant model
   229 ;;
   230                           
   231                           	psect	text1
   232  00FF76                     __ptext1:
   233                           	opt callstack 0
   234  00FF76                     _SYSTEM_Initialize:
   235                           	opt callstack 29
   236                           
   237                           ;mcc_generated_files/mcc.c: 53:     PIN_MANAGER_Initialize();
   238                           
   239                           ;incstack = 0
   240  00FF76  ECC2  F07F         	call	_PIN_MANAGER_Initialize	;wreg free
   241                           
   242                           ;mcc_generated_files/mcc.c: 54:     OSCILLATOR_Initialize();
   243  00FF7A  ECAD  F07F         	call	_OSCILLATOR_Initialize	;wreg free
   244                           
   245                           ;mcc_generated_files/mcc.c: 55:     SPI1_Initialize();
   246  00FF7E  ECB4  F07F         	call	_SPI1_Initialize	;wreg free
   247  00FF82  0012               	return		;funcret
   248  00FF84                     __end_of_SYSTEM_Initialize:
   249                           	opt callstack 0
   250                           
   251 ;; *************** function _SPI1_Initialize *****************
   252 ;; Defined at:
   253 ;;		line 65 in file "mcc_generated_files/spi1.c"
   254 ;; Parameters:    Size  Location     Type
   255 ;;		None
   256 ;; Auto vars:     Size  Location     Type
   257 ;;		None
   258 ;; Return value:  Size  Location     Type
   259 ;;                  1    wreg      void 
   260 ;; Registers used:
   261 ;;		wreg, status,2
   262 ;; Tracked objects:
   263 ;;		On entry : 0/0
   264 ;;		On exit  : 0/0
   265 ;;		Unchanged: 0/0
   266 ;; Data sizes:     COMRAM   BANK0   BANK1   BANK2   BANK3   BANK4   BANK5   BANK6   BANK7   BANK8   BANK9  BANK10  BANK1
      +1  BANK12  BANK13  BANK14  BANK15
   267 ;;      Params:         0       0       0       0       0       0       0       0       0       0       0       0       
      +0       0       0       0       0
   268 ;;      Locals:         0       0       0       0       0       0       0       0       0       0       0       0       
      +0       0       0       0       0
   269 ;;      Temps:          0       0       0       0       0       0       0       0       0       0       0       0       
      +0       0       0       0       0
   270 ;;      Totals:         0       0       0       0       0       0       0       0       0       0       0       0       
      +0       0       0       0       0
   271 ;;Total ram usage:        0 bytes
   272 ;; Hardware stack levels used:    1
   273 ;; This function calls:
   274 ;;		Nothing
   275 ;; This function is called by:
   276 ;;		_SYSTEM_Initialize
   277 ;; This function uses a non-reentrant model
   278 ;;
   279                           
   280                           	psect	text2
   281  00FF68                     __ptext2:
   282                           	opt callstack 0
   283  00FF68                     _SPI1_Initialize:
   284                           	opt callstack 29
   285                           
   286                           ;mcc_generated_files/spi1.c: 70:     SSP1STAT = 0x40;
   287                           
   288                           ;incstack = 0
   289  00FF68  0E40               	movlw	64
   290  00FF6A  6EC7               	movwf	4039,c	;volatile
   291                           
   292                           ;mcc_generated_files/spi1.c: 73:     SSP1CON1 = 0x22;
   293  00FF6C  0E22               	movlw	34
   294  00FF6E  6EC6               	movwf	4038,c	;volatile
   295                           
   296                           ;mcc_generated_files/spi1.c: 76:     SSP1ADD = 0x00;
   297  00FF70  0E00               	movlw	0
   298  00FF72  6EC8               	movwf	4040,c	;volatile
   299  00FF74  0012               	return		;funcret
   300  00FF76                     __end_of_SPI1_Initialize:
   301                           	opt callstack 0
   302                           
   303 ;; *************** function _PIN_MANAGER_Initialize *****************
   304 ;; Defined at:
   305 ;;		line 55 in file "mcc_generated_files/pin_manager.c"
   306 ;; Parameters:    Size  Location     Type
   307 ;;		None
   308 ;; Auto vars:     Size  Location     Type
   309 ;;		None
   310 ;; Return value:  Size  Location     Type
   311 ;;                  1    wreg      void 
   312 ;; Registers used:
   313 ;;		wreg, status,2
   314 ;; Tracked objects:
   315 ;;		On entry : 0/0
   316 ;;		On exit  : 0/0
   317 ;;		Unchanged: 0/0
   318 ;; Data sizes:     COMRAM   BANK0   BANK1   BANK2   BANK3   BANK4   BANK5   BANK6   BANK7   BANK8   BANK9  BANK10  BANK1
      +1  BANK12  BANK13  BANK14  BANK15
   319 ;;      Params:         0       0       0       0       0       0       0       0       0       0       0       0       
      +0       0       0       0       0
   320 ;;      Locals:         0       0       0       0       0       0       0       0       0       0       0       0       
      +0       0       0       0       0
   321 ;;      Temps:          0       0       0       0       0       0       0       0       0       0       0       0       
      +0       0       0       0       0
   322 ;;      Totals:         0       0       0       0       0       0       0       0       0       0       0       0       
      +0       0       0       0       0
   323 ;;Total ram usage:        0 bytes
   324 ;; Hardware stack levels used:    1
   325 ;; This function calls:
   326 ;;		Nothing
   327 ;; This function is called by:
   328 ;;		_SYSTEM_Initialize
   329 ;; This function uses a non-reentrant model
   330 ;;
   331                           
   332                           	psect	text3
   333  00FF84                     __ptext3:
   334                           	opt callstack 0
   335  00FF84                     _PIN_MANAGER_Initialize:
   336                           	opt callstack 29
   337                           
   338                           ;mcc_generated_files/pin_manager.c: 60:     LATE = 0x00;
   339                           
   340                           ;incstack = 0
   341  00FF84  0E00               	movlw	0
   342  00FF86  6E8D               	movwf	3981,c	;volatile
   343                           
   344                           ;mcc_generated_files/pin_manager.c: 61:     LATD = 0x00;
   345  00FF88  0E00               	movlw	0
   346  00FF8A  6E8C               	movwf	3980,c	;volatile
   347                           
   348                           ;mcc_generated_files/pin_manager.c: 62:     LATA = 0x00;
   349  00FF8C  0E00               	movlw	0
   350  00FF8E  6E89               	movwf	3977,c	;volatile
   351                           
   352                           ;mcc_generated_files/pin_manager.c: 63:     LATB = 0x00;
   353  00FF90  0E00               	movlw	0
   354  00FF92  6E8A               	movwf	3978,c	;volatile
   355                           
   356                           ;mcc_generated_files/pin_manager.c: 64:     LATC = 0x01;
   357  00FF94  0E01               	movlw	1
   358  00FF96  6E8B               	movwf	3979,c	;volatile
   359                           
   360                           ;mcc_generated_files/pin_manager.c: 69:     TRISE = 0x07;
   361  00FF98  0E07               	movlw	7
   362  00FF9A  6E96               	movwf	3990,c	;volatile
   363                           
   364                           ;mcc_generated_files/pin_manager.c: 70:     TRISA = 0xFF;
   365  00FF9C  6892               	setf	3986,c	;volatile
   366                           
   367                           ;mcc_generated_files/pin_manager.c: 71:     TRISB = 0xFF;
   368  00FF9E  6893               	setf	3987,c	;volatile
   369                           
   370                           ;mcc_generated_files/pin_manager.c: 72:     TRISC = 0xD6;
   371  00FFA0  0ED6               	movlw	214
   372  00FFA2  6E94               	movwf	3988,c	;volatile
   373                           
   374                           ;mcc_generated_files/pin_manager.c: 73:     TRISD = 0xFF;
   375  00FFA4  6895               	setf	3989,c	;volatile
   376                           
   377                           ;mcc_generated_files/pin_manager.c: 78:     ANSELD = 0xFF;
   378  00FFA6  010F               	movlb	15	; () banked
   379  00FFA8  693B               	setf	59,b	;volatile
   380                           
   381                           ;mcc_generated_files/pin_manager.c: 79:     ANSELC = 0xC4;
   382  00FFAA  0EC4               	movlw	196
   383  00FFAC  6F3A               	movwf	58,b	;volatile
   384                           
   385                           ;mcc_generated_files/pin_manager.c: 80:     ANSELB = 0x3F;
   386  00FFAE  0E3F               	movlw	63
   387  00FFB0  6F39               	movwf	57,b	;volatile
   388                           
   389                           ;mcc_generated_files/pin_manager.c: 81:     ANSELE = 0x07;
   390  00FFB2  0E07               	movlw	7
   391  00FFB4  6F3C               	movwf	60,b	;volatile
   392                           
   393                           ;mcc_generated_files/pin_manager.c: 82:     ANSELA = 0x2F;
   394  00FFB6  0E2F               	movlw	47
   395  00FFB8  6F38               	movwf	56,b	;volatile
   396                           
   397                           ;mcc_generated_files/pin_manager.c: 87:     WPUB = 0x00;
   398  00FFBA  0E00               	movlw	0
   399  00FFBC  6E61               	movwf	3937,c	;volatile
   400                           
   401                           ; BSR set to: 15
   402                           ;mcc_generated_files/pin_manager.c: 88:     INTCON2bits.nRBPU = 1;
   403  00FFBE  8EF1               	bsf	4081,7,c	;volatile
   404                           
   405                           ; BSR set to: 15
   406  00FFC0  0012               	return		;funcret
   407  00FFC2                     __end_of_PIN_MANAGER_Initialize:
   408                           	opt callstack 0
   409                           
   410 ;; *************** function _OSCILLATOR_Initialize *****************
   411 ;; Defined at:
   412 ;;		line 58 in file "mcc_generated_files/mcc.c"
   413 ;; Parameters:    Size  Location     Type
   414 ;;		None
   415 ;; Auto vars:     Size  Location     Type
   416 ;;		None
   417 ;; Return value:  Size  Location     Type
   418 ;;                  1    wreg      void 
   419 ;; Registers used:
   420 ;;		wreg, status,2
   421 ;; Tracked objects:
   422 ;;		On entry : 0/0
   423 ;;		On exit  : 0/0
   424 ;;		Unchanged: 0/0
   425 ;; Data sizes:     COMRAM   BANK0   BANK1   BANK2   BANK3   BANK4   BANK5   BANK6   BANK7   BANK8   BANK9  BANK10  BANK1
      +1  BANK12  BANK13  BANK14  BANK15
   426 ;;      Params:         0       0       0       0       0       0       0       0       0       0       0       0       
      +0       0       0       0       0
   427 ;;      Locals:         0       0       0       0       0       0       0       0       0       0       0       0       
      +0       0       0       0       0
   428 ;;      Temps:          0       0       0       0       0       0       0       0       0       0       0       0       
      +0       0       0       0       0
   429 ;;      Totals:         0       0       0       0       0       0       0       0       0       0       0       0       
      +0       0       0       0       0
   430 ;;Total ram usage:        0 bytes
   431 ;; Hardware stack levels used:    1
   432 ;; This function calls:
   433 ;;		Nothing
   434 ;; This function is called by:
   435 ;;		_SYSTEM_Initialize
   436 ;; This function uses a non-reentrant model
   437 ;;
   438                           
   439                           	psect	text4
   440  00FF5A                     __ptext4:
   441                           	opt callstack 0
   442  00FF5A                     _OSCILLATOR_Initialize:
   443                           	opt callstack 29
   444                           
   445                           ;mcc_generated_files/mcc.c: 61:     OSCCON = 0x30;
   446                           
   447                           ; BSR set to: 15
   448                           ;incstack = 0
   449  00FF5A  0E30               	movlw	48
   450  00FF5C  6ED3               	movwf	4051,c	;volatile
   451                           
   452                           ;mcc_generated_files/mcc.c: 63:     OSCCON2 = 0x04;
   453  00FF5E  0E04               	movlw	4
   454  00FF60  6ED2               	movwf	4050,c	;volatile
   455                           
   456                           ;mcc_generated_files/mcc.c: 65:     OSCTUNE = 0x00;
   457  00FF62  0E00               	movlw	0
   458  00FF64  6E9B               	movwf	3995,c	;volatile
   459  00FF66  0012               	return		;funcret
   460  00FF68                     __end_of_OSCILLATOR_Initialize:
   461                           	opt callstack 0
   462  0000                     
   463                           	psect	rparam
   464  0000                     tosu	equ	0xFFF
   465                           tosh	equ	0xFFE
   466                           tosl	equ	0xFFD
   467                           stkptr	equ	0xFFC
   468                           pclatu	equ	0xFFB
   469                           pclath	equ	0xFFA
   470                           pcl	equ	0xFF9
   471                           tblptru	equ	0xFF8
   472                           tblptrh	equ	0xFF7
   473                           tblptrl	equ	0xFF6
   474                           tablat	equ	0xFF5
   475                           prodh	equ	0xFF4
   476                           prodl	equ	0xFF3
   477                           indf0	equ	0xFEF
   478                           postinc0	equ	0xFEE
   479                           postdec0	equ	0xFED
   480                           preinc0	equ	0xFEC
   481                           plusw0	equ	0xFEB
   482                           fsr0h	equ	0xFEA
   483                           fsr0l	equ	0xFE9
   484                           wreg	equ	0xFE8
   485                           indf1	equ	0xFE7
   486                           postinc1	equ	0xFE6
   487                           postdec1	equ	0xFE5
   488                           preinc1	equ	0xFE4
   489                           plusw1	equ	0xFE3
   490                           fsr1h	equ	0xFE2
   491                           fsr1l	equ	0xFE1
   492                           bsr	equ	0xFE0
   493                           indf2	equ	0xFDF
   494                           postinc2	equ	0xFDE
   495                           postdec2	equ	0xFDD
   496                           preinc2	equ	0xFDC
   497                           plusw2	equ	0xFDB
   498                           fsr2h	equ	0xFDA
   499                           fsr2l	equ	0xFD9
   500                           status	equ	0xFD8


Data Sizes:
    Strings     0
    Constant    0
    Data        0
    BSS         0
    Persistent  0
    Stack       0

Auto Spaces:
    Space          Size  Autos    Used
    COMRAM           95      2       2
    BANK0           160      0       0
    BANK1           256      0       0
    BANK2           256      0       0
    BANK3           256      0       0
    BANK4           256      0       0
    BANK5           256      0       0
    BANK6           256      0       0
    BANK7           256      0       0
    BANK8           256      0       0
    BANK9           256      0       0
    BANK10          256      0       0
    BANK11          256      0       0
    BANK12          256      0       0
    BANK13          256      0       0
    BANK14          256      0       0
    BANK15           56      0       0

Pointer List with Targets:

    None.

Critical Paths under _main in COMRAM

    None.

Critical Paths under _main in BANK0

    None.

Critical Paths under _main in BANK1

    None.

Critical Paths under _main in BANK2

    None.

Critical Paths under _main in BANK3

    None.

Critical Paths under _main in BANK4

    None.

Critical Paths under _main in BANK5

    None.

Critical Paths under _main in BANK6

    None.

Critical Paths under _main in BANK7

    None.

Critical Paths under _main in BANK8

    None.

Critical Paths under _main in BANK9

    None.

Critical Paths under _main in BANK10

    None.

Critical Paths under _main in BANK11

    None.

Critical Paths under _main in BANK12

    None.

Critical Paths under _main in BANK13

    None.

Critical Paths under _main in BANK14

    None.

Critical Paths under _main in BANK15

    None.

Call Graph Tables:

 ---------------------------------------------------------------------------------
 (Depth) Function   	        Calls       Base Space   Used Autos Params    Refs
 ---------------------------------------------------------------------------------
 (0) _main                                                 2     2      0      30
                                              0 COMRAM     2     2      0
                  _SYSTEM_Initialize
 ---------------------------------------------------------------------------------
 (1) _SYSTEM_Initialize                                    0     0      0       0
              _OSCILLATOR_Initialize
             _PIN_MANAGER_Initialize
                    _SPI1_Initialize
 ---------------------------------------------------------------------------------
 (2) _SPI1_Initialize                                      0     0      0       0
 ---------------------------------------------------------------------------------
 (2) _PIN_MANAGER_Initialize                               0     0      0       0
 ---------------------------------------------------------------------------------
 (2) _OSCILLATOR_Initialize                                0     0      0       0
 ---------------------------------------------------------------------------------
 Estimated maximum stack depth 2
 ---------------------------------------------------------------------------------

 Call Graph Graphs:

 _main (ROOT)
   _SYSTEM_Initialize
     _OSCILLATOR_Initialize
     _PIN_MANAGER_Initialize
     _SPI1_Initialize

 Address spaces:
Name               Size   Autos  Total    Cost      Usage
BITCOMRAM           5F      0       0       0        0.0%
EEDATA             400      0       0       0        0.0%
NULL                 0      0       0       0        0.0%
CODE                 0      0       0       0        0.0%
COMRAM              5F      2       2       1        2.1%
STACK                0      0       0       2        0.0%
DATA                 0      0       0       3        0.0%
BITBANK0            A0      0       0       4        0.0%
BANK0               A0      0       0       5        0.0%
BITBANK1           100      0       0       6        0.0%
BANK1              100      0       0       7        0.0%
BITBANK2           100      0       0       8        0.0%
BANK2              100      0       0       9        0.0%
BITBANK3           100      0       0      10        0.0%
BANK3              100      0       0      11        0.0%
ABS                  0      0       0      12        0.0%
BITBANK4           100      0       0      13        0.0%
BANK4              100      0       0      14        0.0%
BITBANK5           100      0       0      15        0.0%
BANK5              100      0       0      16        0.0%
BITBANK6           100      0       0      17        0.0%
BANK6              100      0       0      18        0.0%
BITBANK7           100      0       0      19        0.0%
BANK7              100      0       0      20        0.0%
BITBANK8           100      0       0      21        0.0%
BANK8              100      0       0      22        0.0%
BITBANK9           100      0       0      23        0.0%
BANK9              100      0       0      24        0.0%
BITBANK10          100      0       0      25        0.0%
BANK10             100      0       0      26        0.0%
BITBANK11          100      0       0      27        0.0%
BANK11             100      0       0      28        0.0%
BITBANK12          100      0       0      29        0.0%
BANK12             100      0       0      30        0.0%
BITBANK13          100      0       0      31        0.0%
BANK13             100      0       0      32        0.0%
BITBANK14          100      0       0      33        0.0%
BANK14             100      0       0      34        0.0%
BITBANK15           38      0       0      35        0.0%
BANK15              38      0       0      36        0.0%
BIGRAM             F37      0       0      37        0.0%
BITSFR_1             0      0       0     200        0.0%
SFR_1                0      0       0     200        0.0%
BITSFR               0      0       0     200        0.0%
SFR                  0      0       0     200        0.0%


Microchip Technology PIC18 Macro Assembler V2.05 build -831301201 
Symbol Table                                                                                   Thu Jul 25 01:30:23 2019

                   __CFG_CP0$OFF 000000                     __CFG_CP1$OFF 000000  
                   __CFG_CP2$OFF 000000                     __CFG_CP3$OFF 000000  
                    __CFG_LVP$ON 000000                              l833 FFD4  
                            l843 FFEA                              l837 FFDE  
                   __CFG_CPB$OFF 000000                     __CFG_CPD$OFF 000000  
                           _LATA 000F89                             _LATB 000F8A  
                           _LATC 000F8B                             _LATD 000F8C  
                           _LATE 000F8D                             _WPUB 000F61  
                           _main FFC2                    __CFG_BORV$190 000000  
                           start 0000                    __CFG_IESO$OFF 000000  
                   ___param_bank 000000   __size_of_OSCILLATOR_Initialize 000E  
  __end_of_OSCILLATOR_Initialize FF68                            ?_main 0001  
                 __CFG_DEBUG$OFF 000000                            _PORTB 000F81  
                          _TRISA 000F92                            _TRISB 000F93  
                          _TRISC 000F94                            _TRISD 000F95  
                          _TRISE 000F96                    __CFG_WRT0$OFF 000000  
                  __CFG_WRT1$OFF 000000                    __CFG_WRT2$OFF 000000  
                  __CFG_WRT3$OFF 000000                   __CFG_EBTR0$OFF 000000  
                 __CFG_FCMEN$OFF 000000                   __CFG_EBTR1$OFF 000000  
                 __CFG_EBTR2$OFF 000000                   __CFG_EBTR3$OFF 000000  
                  __CFG_WRTB$OFF 000000                    __CFG_WRTC$OFF 000000  
                  __CFG_WRTD$OFF 000000                   __CFG_EBTRB$OFF 000000  
             __CFG_MCLRE$EXTMCLR 000000                            main@i 0001  
                          status 000FD8                   __CFG_HFOFST$ON 000000  
                 __CFG_FOSC$HSHP 000000         __size_of_SPI1_Initialize 000E  
                __initialization FF54                     __end_of_main 0000  
                         ??_main 0001                    __activetblptr 000000  
                         _ANSELA 000F38                           _ANSELB 000F39  
                         _ANSELC 000F3A                           _ANSELD 000F3B  
                         _ANSELE 000F3C                   __CFG_WDTEN$OFF 000000  
                         _OSCCON 000FD3                   __CFG_XINST$OFF 000000  
                 __CFG_STVREN$ON 000000                _SYSTEM_Initialize FF76  
                     __accesstop 0060          __end_of__initialization FF54  
                __CFG_PBADEN$OFF 000000               ?_SYSTEM_Initialize 0001  
                  ___rparam_used 000001                   __pcstackCOMRAM 0001  
            ??_SYSTEM_Initialize 0001                ??_SPI1_Initialize 0001  
      __end_of_SYSTEM_Initialize FF84                  __CFG_PLLCFG$OFF 000000  
             __CFG_CCP2MX$PORTC1 000000               __CFG_CCP3MX$PORTB5 000000  
                        _OSCCON2 000FD2                          _OSCTUNE 000F9B  
                        _SSP1ADD 000FC8                          _SSP1BUF 000FC9  
                __CFG_PWRTEN$OFF 000000                          __Hparam 0000  
                        __Lparam 0000                          __pcinit FF54  
                        __ramtop 1000                          __ptext0 FFC2  
                        __ptext1 FF76                          __ptext2 FF68  
                        __ptext3 FF84                          __ptext4 FF5A  
          _OSCILLATOR_Initialize FF5A         ??_PIN_MANAGER_Initialize 0001  
     __size_of_SYSTEM_Initialize 000E             end_of_initialization FF54  
                _SPI1_Initialize FF68           ?_OSCILLATOR_Initialize 0001  
            start_initialization FF54  __size_of_PIN_MANAGER_Initialize 003E  
        __end_of_SPI1_Initialize FF76           _PIN_MANAGER_Initialize FF84  
               __CFG_PRICLKEN$ON 000000                 __CFG_WDTPS$32768 000000  
                       _SSP1CON1 000FC6                         _SSP1STAT 000FC7  
               ?_SPI1_Initialize 0001                      _INTCON2bits 000FF1  
                       __Hrparam 0000                         __Lrparam 0000  
             __CFG_BOREN$SBORDIS 000000                __CFG_P2BMX$PORTD2 000000  
        ??_OSCILLATOR_Initialize 0001                     _SSP1CON1bits 000FC6  
                  __size_of_main 003E                     _SSP1STATbits 000FC7  
                     _INTCONbits 000FF2          ?_PIN_MANAGER_Initialize 0001  
              __CFG_T3CMX$PORTC0 000000   __end_of_PIN_MANAGER_Initialize FFC2  
